[2026-05-28 18:50:29,416] [INFO] [RipeRadar] [PUBLICACAO 30s] Decisao: banana_fresca | Conf. Camara: 0.990 | Label Camara: banana_fresca | VOCs: 20565.0 Ohms | Nicla: fresca
[2026-05-28 18:50:59,417] [INFO] [RipeRadar] [PUBLICACAO 30s] Decisao: banana_fresca | Conf. Camara: 0.560 | Label Camara: banana_fresca | VOCs: 20466.0 Ohms | Nicla: fresca
[2026-05-28 18:51:29,418] [INFO] [RipeRadar] [PUBLICACAO 30s] Decisao: banana_fresca | Conf. Camara: 0.980 | Label Camara: banana_fresca | VOCs: 21433.0 Ohms | Nicla: fresca
[2026-05-28 18:51:59,419] [INFO] [RipeRadar] [PUBLICACAO 30s] Decisao: banana_fresca | Conf. Camara: 0.950 | Label Camara: banana_fresca | VOCs: 22053.0 Ohms | Nicla: fresca
[2026-05-28 18:52:29,421] [INFO] [RipeRadar] [PUBLICACAO 30s] Decisao: banana_fresca | Conf. Camara: 0.870 | Label Camara: banana_fresca | VOCs: 22638.0 Ohms | Nicla: fresca
[2026-05-28 18:52:59,421] [INFO] [RipeRadar] [PUBLICACAO 30s] Decisao: banana_fresca | Conf. Camara: 0.980 | Label Camara: banana_fresca | VOCs: 23738.0 Ohms | Nicla: fresca
[2026-05-28 18:53:29,423] [INFO] [RipeRadar] [PUBLICACAO 30s] Decisao: banana_fresca | Conf. Camara: 0.970 | Label Camara: banana_fresca | VOCs: 24128.0 Ohms | Nicla: fresca
[2026-05-28 18:53:59,424] [INFO] [RipeRadar] [PUBLICACAO 30s] Decisao: banana_fresca | Conf. Camara: 1.000 | Label Camara: banana_fresca | VOCs: 24658.0 Ohms | Nicla: fresca
[2026-05-28 18:54:29,426] [INFO] [RipeRadar] [PUBLICACAO 30s] Decisao: banana_fresca | Conf. Camara: 1.000 | Label Camara: banana_fresca | VOCs: 24931.0 Ohms | Nicla: fresca
[2026-05-28 18:54:59,427] [INFO] [RipeRadar] [PUBLICACAO 30s] Decisao: laranja_fresca | Conf. Camara: 0.800 | Label Camara: laranja_fresca | VOCs: 1770477.0 Ohms | Nicla: fresca
[2026-05-28 18:55:29,428] [INFO] [RipeRadar] [PUBLICACAO 30s] Decisao: banana_fresca | Conf. Camara: 0.790 | Label Camara: banana_fresca | VOCs: 324050.0 Ohms | Nicla: fresca
[2026-05-28 18:55:59,430] [INFO] [RipeRadar] [PUBLICACAO 30s] Decisao: banana_fresca | Conf. Camara: 0.950 | Label Camara: banana_fresca | VOCs: 30490.0 Ohms | Nicla: fresca
[2026-05-28 18:56:29,431] [INFO] [RipeRadar] [PUBLICACAO 30s] Decisao: banana_fresca | Conf. Camara: 0.930 | Label Camara: banana_fresca | VOCs: 22686.0 Ohms | Nicla: fresca
[2026-05-28 18:56:59,433] [INFO] [RipeRadar] [PUBLICACAO 30s] Decisao: banana_fresca | Conf. Camara: 1.000 | Label Camara: banana_fresca | VOCs: 24715.0 Ohms | Nicla: fresca
[2026-05-28 18:57:29,434] [INFO] [RipeRadar] [PUBLICACAO 30s] Decisao: banana_fresca | Conf. Camara: 0.960 | Label Camara: banana_fresca | VOCs: 25528.0 Ohms | Nicla: fresca
[2026-05-28 18:57:59,435] [INFO] [RipeRadar] [PUBLICACAO 30s] Decisao: banana_fresca | Conf. Camara: 1.000 | Label Camara: banana_fresca | VOCs: 26413.0 Ohms | Nicla: fresca
[2026-05-28 18:58:29,436] [INFO] [RipeRadar] [PUBLICACAO 30s] Decisao: banana_fresca | Conf. Camara: 0.990 | Label Camara: banana_fresca | VOCs: 26299.0 Ohms | Nicla: fresca
[2026-05-28 18:58:59,438] [INFO] [RipeRadar] [PUBLICACAO 30s] Decisao: banana_fresca | Conf. Camara: 0.910 | Label Camara: banana_fresca | VOCs: 27222.0 Ohms | Nicla: fresca
[2026-05-28 18:59:29,440] [INFO] [RipeRadar] [PUBLICACAO 30s] Decisao: banana_fresca | Conf. Camara: 0.680 | Label Camara: banana_fresca | VOCs: 27898.0 Ohms | Nicla: fresca
[2026-05-28 18:59:59,441] [INFO] [RipeRadar] [PUBLICACAO 30s] Decisao: banana_fresca | Conf. Camara: 0.980 | Label Camara: banana_fresca | VOCs: 28381.0 Ohms | Nicla: fresca
[2026-05-28 19:00:29,442] [INFO] [RipeRadar] [PUBLICACAO 30s] Decisao: banana_fresca | Conf. Camara: 0.970 | Label Camara: banana_fresca | VOCs: 29097.0 Ohms | Nicla: fresca
[2026-05-28 19:00:59,444] [INFO] [RipeRadar] [PUBLICACAO 30s] Decisao: banana_fresca | Conf. Camara: 0.860 | Label Camara: banana_fresca | VOCs: 29540.0 Ohms | Nicla: fresca
[2026-05-28 19:01:29,444] [INFO] [RipeRadar] [PUBLICACAO 30s] Decisao: banana_fresca | Conf. Camara: 0.970 | Label Camara: banana_fresca | VOCs: 29892.0 Ohms | Nicla: fresca
[2026-05-28 19:01:59,446] [INFO] [RipeRadar] [PUBLICACAO 30s] Decisao: banana_fresca | Conf. Camara: 0.990 | Label Camara: banana_fresca | VOCs: 30403.0 Ohms | Nicla: fresca
[2026-05-28 19:02:29,447] [INFO] [RipeRadar] [PUBLICACAO 30s] Decisao: banana_fresca | Conf. Camara: 0.990 | Label Camara: banana_fresca | VOCs: 30843.0 Ohms | Nicla: fresca
[2026-05-28 19:02:59,449] [INFO] [RipeRadar] [PUBLICACAO 30s] Decisao: banana_fresca | Conf. Camara: 0.990 | Label Camara: banana_fresca | VOCs: 31045.0 Ohms | Nicla: fresca
[2026-05-28 19:03:29,450] [INFO] [RipeRadar] [PUBLICACAO 30s] Decisao: banana_fresca | Conf. Camara: 0.910 | Label Camara: banana_fresca | VOCs: 31387.0 Ohms | Nicla: fresca
[2026-05-28 19:03:59,452] [INFO] [RipeRadar] [PUBLICACAO 30s] Decisao: banana_fresca | Conf. Camara: 0.930 | Label Camara: banana_fresca | VOCs: 31667.0 Ohms | Nicla: fresca
[2026-05-28 19:04:29,453] [INFO] [RipeRadar] [PUBLICACAO 30s] Decisao: banana_fresca | Conf. Camara: 0.960 | Label Camara: banana_fresca | VOCs: 32048.0 Ohms | Nicla: fresca
[2026-05-28 19:04:59,455] [INFO] [RipeRadar] [PUBLICACAO 30s] Decisao: banana_fresca | Conf. Camara: 0.500 | Label Camara: banana_fresca | VOCs: 1598127.0 Ohms | Nicla: fresca
[2026-05-28 19:05:29,456] [INFO] [RipeRadar] [PUBLICACAO 30s] Decisao: maca_fresca | Conf. Camara: 0.690 | Label Camara: maca_fresca | VOCs: 124091.0 Ohms | Nicla: fresca
[2026-05-28 19:05:59,458] [INFO] [RipeRadar] [PUBLICACAO 30s] Decisao: banana_podre | Conf. Camara: 0.970 | Label Camara: banana_podre | VOCs: 28027.0 Ohms | Nicla: fresca
[2026-05-28 19:06:29,459] [INFO] [RipeRadar] [PUBLICACAO 30s] Decisao: banana_podre | Conf. Camara: 0.800 | Label Camara: banana_podre | VOCs: 28667.0 Ohms | Nicla: fresca
[2026-05-28 19:06:59,461] [INFO] [RipeRadar] [PUBLICACAO 30s] Decisao: banana_podre | Conf. Camara: 0.640 | Label Camara: banana_podre | VOCs: 29499.0 Ohms | Nicla: fresca
[2026-05-28 19:07:29,463] [INFO] [RipeRadar] [PUBLICACAO 30s] Decisao: banana_podre | Conf. Camara: 0.730 | Label Camara: banana_podre | VOCs: 30018.0 Ohms | Nicla: fresca
[2026-05-28 19:07:59,464] [INFO] [RipeRadar] [PUBLICACAO 30s] Decisao: banana_podre | Conf. Camara: 0.840 | Label Camara: banana_podre | VOCs: 30403.0 Ohms | Nicla: fresca
[2026-05-28 19:08:29,465] [INFO] [RipeRadar] [PUBLICACAO 30s] Decisao: banana_podre | Conf. Camara: 0.980 | Label Camara: banana_podre | VOCs: 30103.0 Ohms | Nicla: fresca
[2026-05-28 19:08:59,466] [INFO] [RipeRadar] [PUBLICACAO 30s] Decisao: banana_podre | Conf. Camara: 0.810 | Label Camara: banana_podre | VOCs: 30425.0 Ohms | Nicla: fresca
[2026-05-28 19:09:29,468] [INFO] [RipeRadar] [PUBLICACAO 30s] Decisao: banana_podre | Conf. Camara: 0.990 | Label Camara: banana_podre | VOCs: 1958403.0 Ohms | Nicla: fresca
[2026-05-28 19:09:59,470] [INFO] [RipeRadar] [PUBLICACAO 30s] Decisao: banana_podre | Conf. Camara: 0.990 | Label Camara: banana_podre | VOCs: 280855.0 Ohms | Nicla: fresca
[2026-05-28 19:10:29,471] [INFO] [RipeRadar] [PUBLICACAO 30s] Decisao: banana_podre | Conf. Camara: 0.980 | Label Camara: banana_podre | VOCs: 30188.0 Ohms | Nicla: fresca
[2026-05-28 19:10:59,472] [INFO] [RipeRadar] [PUBLICACAO 30s] Decisao: banana_podre | Conf. Camara: 1.000 | Label Camara: banana_podre | VOCs: 27990.0 Ohms | Nicla: fresca
[2026-05-28 19:11:29,473] [INFO] [RipeRadar] [PUBLICACAO 30s] Decisao: banana_podre | Conf. Camara: 1.000 | Label Camara: banana_podre | VOCs: 28939.0 Ohms | Nicla: fresca
[2026-05-28 19:11:59,476] [INFO] [RipeRadar] [PUBLICACAO 30s] Decisao: banana_podre | Conf. Camara: 1.000 | Label Camara: banana_podre | VOCs: 28764.0 Ohms | Nicla: fresca
[2026-05-28 19:12:29,477] [INFO] [RipeRadar] [PUBLICACAO 30s] Decisao: banana_podre | Conf. Camara: 0.970 | Label Camara: banana_podre | VOCs: 29438.0 Ohms | Nicla: fresca
[2026-05-28 19:12:59,478] [INFO] [RipeRadar] [PUBLICACAO 30s] Decisao: maca_fresca | Conf. Camara: 0.470 | Label Camara: maca_fresca | VOCs: 29955.0 Ohms | Nicla: fresca
[2026-05-28 19:13:29,480] [INFO] [RipeRadar] [PUBLICACAO 30s] Decisao: banana_podre | Conf. Camara: 0.790 | Label Camara: banana_podre | VOCs: 30274.0 Ohms | Nicla: fresca
[2026-05-28 19:13:59,482] [INFO] [RipeRadar] [PUBLICACAO 30s] Decisao: banana_fresca | Conf. Camara: 0.400 | Label Camara: banana_podre | VOCs: 30578.0 Ohms | Nicla: fresca
[2026-05-28 19:14:29,484] [INFO] [RipeRadar] [PUBLICACAO 30s] Decisao: banana_podre | Conf. Camara: 0.680 | Label Camara: banana_podre | VOCs: 30843.0 Ohms | Nicla: fresca
[2026-05-28 19:14:59,486] [INFO] [RipeRadar] [PUBLICACAO 30s] Decisao: laranja_fresca | Conf. Camara: 0.400 | Label Camara: laranja_podre | VOCs: 31022.0 Ohms | Nicla: fresca
[2026-05-28 19:15:29,486] [INFO] [RipeRadar] [PUBLICACAO 30s] Decisao: laranja_fresca | Conf. Camara: 0.720 | Label Camara: laranja_fresca | VOCs: 1524376.0 Ohms | Nicla: fresca
[2026-05-28 19:15:59,488] [INFO] [RipeRadar] [PUBLICACAO 30s] Decisao: laranja_fresca | Conf. Camara: 0.930 | Label Camara: laranja_fresca | VOCs: 200391.0 Ohms | Nicla: fresca
[2026-05-28 19:16:29,489] [INFO] [RipeRadar] [PUBLICACAO 30s] Decisao: laranja_fresca | Conf. Camara: 0.950 | Label Camara: laranja_fresca | VOCs: 27153.0 Ohms | Nicla: fresca
[2026-05-28 19:16:59,490] [INFO] [RipeRadar] [PUBLICACAO 30s] Decisao: laranja_fresca | Conf. Camara: 0.980 | Label Camara: laranja_fresca | VOCs: 26042.0 Ohms | Nicla: fresca
[2026-05-28 19:17:29,492] [INFO] [RipeRadar] [PUBLICACAO 30s] Decisao: laranja_fresca | Conf. Camara: 0.700 | Label Camara: laranja_fresca | VOCs: 26299.0 Ohms | Nicla: fresca
[2026-05-28 19:17:59,493] [INFO] [RipeRadar] [PUBLICACAO 30s] Decisao: laranja_fresca | Conf. Camara: 0.990 | Label Camara: laranja_fresca | VOCs: 26010.0 Ohms | Nicla: fresca
[2026-05-28 19:18:29,495] [INFO] [RipeRadar] [PUBLICACAO 30s] Decisao: laranja_fresca | Conf. Camara: 0.810 | Label Camara: laranja_fresca | VOCs: 25759.0 Ohms | Nicla: fresca
[2026-05-28 19:18:59,496] [INFO] [RipeRadar] [PUBLICACAO 30s] Decisao: laranja_fresca | Conf. Camara: 0.990 | Label Camara: laranja_fresca | VOCs: 25651.0 Ohms | Nicla: fresca
[2026-05-28 19:19:29,498] [INFO] [RipeRadar] [PUBLICACAO 30s] Decisao: laranja_fresca | Conf. Camara: 0.750 | Label Camara: laranja_fresca | VOCs: 25422.0 Ohms | Nicla: fresca
[2026-05-28 19:19:59,500] [INFO] [RipeRadar] [PUBLICACAO 30s] Decisao: laranja_fresca | Conf. Camara: 0.560 | Label Camara: laranja_fresca | VOCs: 25226.0 Ohms | Nicla: fresca
[2026-05-28 19:20:29,502] [INFO] [RipeRadar] [PUBLICACAO 30s] Decisao: laranja_fresca | Conf. Camara: 0.880 | Label Camara: laranja_fresca | VOCs: 25152.0 Ohms | Nicla: fresca
[2026-05-28 19:20:59,503] [INFO] [RipeRadar] [PUBLICACAO 30s] Decisao: laranja_fresca | Conf. Camara: 0.570 | Label Camara: laranja_fresca | VOCs: 25048.0 Ohms | Nicla: fresca
[2026-05-28 19:21:29,504] [INFO] [RipeRadar] [PUBLICACAO 30s] Decisao: maca_fresca | Conf. Camara: 0.960 | Label Camara: maca_fresca | VOCs: 25361.0 Ohms | Nicla: fresca
[2026-05-28 19:21:59,505] [INFO] [RipeRadar] [PUBLICACAO 30s] Decisao: banana_fresca | Conf. Camara: 0.600 | Label Camara: banana_fresca | VOCs: 25271.0 Ohms | Nicla: fresca
[2026-05-28 19:22:29,507] [INFO] [RipeRadar] [PUBLICACAO 30s] Decisao: laranja_fresca | Conf. Camara: 0.480 | Label Camara: laranja_fresca | VOCs: 25019.0 Ohms | Nicla: fresca
[2026-05-28 19:22:59,508] [INFO] [RipeRadar] [PUBLICACAO 30s] Decisao: laranja_fresca | Conf. Camara: 0.650 | Label Camara: laranja_fresca | VOCs: 25048.0 Ohms | Nicla: fresca
[2026-05-28 19:23:29,510] [INFO] [RipeRadar] [PUBLICACAO 30s] Decisao: laranja_fresca | Conf. Camara: 0.770 | Label Camara: laranja_fresca | VOCs: 24960.0 Ohms | Nicla: fresca
[2026-05-28 19:23:59,511] [INFO] [RipeRadar] [PUBLICACAO 30s] Decisao: banana_fresca | Conf. Camara: 1.000 | Label Camara: banana_fresca | VOCs: 24931.0 Ohms | Nicla: fresca
[2026-05-28 19:24:29,515] [INFO] [RipeRadar] [PUBLICACAO 30s] Decisao: banana_fresca | Conf. Camara: 1.000 | Label Camara: banana_fresca | VOCs: 25019.0 Ohms | Nicla: fresca
[2026-05-28 19:24:59,516] [INFO] [RipeRadar] [PUBLICACAO 30s] Decisao: banana_fresca | Conf. Camara: 0.950 | Label Camara: banana_fresca | VOCs: 25078.0 Ohms | Nicla: fresca
[2026-05-28 19:25:29,517] [INFO] [RipeRadar] [PUBLICACAO 30s] Decisao: banana_fresca | Conf. Camara: 0.960 | Label Camara: banana_fresca | VOCs: 25152.0 Ohms | Nicla: fresca
[2026-05-28 19:25:59,518] [INFO] [RipeRadar] [PUBLICACAO 30s] Decisao: banana_fresca | Conf. Camara: 0.960 | Label Camara: banana_fresca | VOCs: 25152.0 Ohms | Nicla: fresca
[2026-05-28 19:26:29,520] [INFO] [RipeRadar] [PUBLICACAO 30s] Decisao: maca_fresca | Conf. Camara: 0.940 | Label Camara: maca_fresca | VOCs: 25122.0 Ohms | Nicla: fresca
[2026-05-28 19:26:59,521] [INFO] [RipeRadar] [PUBLICACAO 30s] Decisao: banana_fresca | Conf. Camara: 0.960 | Label Camara: banana_fresca | VOCs: 25181.0 Ohms | Nicla: fresca
[2026-05-28 19:27:29,522] [INFO] [RipeRadar] [PUBLICACAO 30s] Decisao: laranja_fresca | Conf. Camara: 0.810 | Label Camara: laranja_fresca | VOCs: 25137.0 Ohms | Nicla: fresca
[2026-05-28 19:27:59,524] [INFO] [RipeRadar] [PUBLICACAO 30s] Decisao: laranja_fresca | Conf. Camara: 0.710 | Label Camara: laranja_fresca | VOCs: 25775.0 Ohms | Nicla: fresca
[2026-05-28 19:28:29,524] [INFO] [RipeRadar] [PUBLICACAO 30s] Decisao: banana_fresca | Conf. Camara: 0.950 | Label Camara: banana_fresca | VOCs: 25759.0 Ohms | Nicla: fresca
[2026-05-28 19:28:59,525] [INFO] [RipeRadar] [PUBLICACAO 30s] Decisao: banana_fresca | Conf. Camara: 0.980 | Label Camara: banana_fresca | VOCs: 25682.0 Ohms | Nicla: fresca
[2026-05-28 19:29:29,527] [INFO] [RipeRadar] [PUBLICACAO 30s] Decisao: maca_fresca | Conf. Camara: 0.570 | Label Camara: maca_fresca | VOCs: 565433.0 Ohms | Nicla: fresca
[2026-05-28 19:29:59,529] [INFO] [RipeRadar] [PUBLICACAO 30s] Decisao: maca_fresca | Conf. Camara: 0.700 | Label Camara: maca_fresca | VOCs: 67546.0 Ohms | Nicla: fresca
[2026-05-28 19:30:29,530] [INFO] [RipeRadar] [PUBLICACAO 30s] Decisao: banana_fresca | Conf. Camara: 0.610 | Label Camara: banana_fresca | VOCs: 22590.0 Ohms | Nicla: fresca
[2026-05-28 19:30:59,531] [INFO] [RipeRadar] [PUBLICACAO 30s] Decisao: banana_fresca | Conf. Camara: 0.500 | Label Camara: banana_fresca | VOCs: 22857.0 Ohms | Nicla: fresca
[2026-05-28 19:31:29,533] [INFO] [RipeRadar] [PUBLICACAO 30s] Decisao: banana_fresca | Conf. Camara: 0.480 | Label Camara: banana_fresca | VOCs: 23965.0 Ohms | Nicla: fresca
[2026-05-28 19:31:59,535] [INFO] [RipeRadar] [PUBLICACAO 30s] Decisao: banana_fresca | Conf. Camara: 0.390 | Label Camara: banana_fresca | VOCs: 24390.0 Ohms | Nicla: fresca
[2026-05-28 19:32:29,536] [INFO] [RipeRadar] [PUBLICACAO 30s] Decisao: banana_fresca | Conf. Camara: 0.990 | Label Camara: banana_fresca | VOCs: 24686.0 Ohms | Nicla: fresca
[2026-05-28 19:32:59,538] [INFO] [RipeRadar] [PUBLICACAO 30s] Decisao: banana_fresca | Conf. Camara: 0.990 | Label Camara: banana_fresca | VOCs: 24902.0 Ohms | Nicla: fresca
[2026-05-28 19:33:29,539] [INFO] [RipeRadar] [PUBLICACAO 30s] Decisao: banana_fresca | Conf. Camara: 0.890 | Label Camara: banana_fresca | VOCs: 25241.0 Ohms | Nicla: fresca
[2026-05-28 19:33:59,541] [INFO] [RipeRadar] [PUBLICACAO 30s] Decisao: banana_fresca | Conf. Camara: 1.000 | Label Camara: banana_fresca | VOCs: 1571757.0 Ohms | Nicla: fresca
[2026-05-28 19:34:29,543] [INFO] [RipeRadar] [PUBLICACAO 30s] Decisao: banana_fresca | Conf. Camara: 1.000 | Label Camara: banana_fresca | VOCs: 247821.0 Ohms | Nicla: fresca
[2026-05-28 19:34:59,544] [INFO] [RipeRadar] [PUBLICACAO 30s] Decisao: banana_fresca | Conf. Camara: 1.000 | Label Camara: banana_fresca | VOCs: 24990.0 Ohms | Nicla: fresca
[2026-05-28 19:35:29,546] [INFO] [RipeRadar] [PUBLICACAO 30s] Decisao: banana_fresca | Conf. Camara: 1.000 | Label Camara: banana_fresca | VOCs: 21895.0 Ohms | Nicla: fresca
[2026-05-28 19:35:59,547] [INFO] [RipeRadar] [PUBLICACAO 30s] Decisao: banana_fresca | Conf. Camara: 1.000 | Label Camara: banana_fresca | VOCs: 22759.0 Ohms | Nicla: fresca
[2026-05-28 19:36:29,548] [INFO] [RipeRadar] [PUBLICACAO 30s] Decisao: banana_fresca | Conf. Camara: 0.980 | Label Camara: banana_fresca | VOCs: 23952.0 Ohms | Nicla: fresca
[2026-05-28 19:36:59,550] [INFO] [RipeRadar] [PUBLICACAO 30s] Decisao: banana_fresca | Conf. Camara: 1.000 | Label Camara: banana_fresca | VOCs: 24224.0 Ohms | Nicla: fresca
[2026-05-28 19:37:29,552] [INFO] [RipeRadar] [PUBLICACAO 30s] Decisao: banana_fresca | Conf. Camara: 1.000 | Label Camara: banana_fresca | VOCs: 24572.0 Ohms | Nicla: fresca
[2026-05-28 19:37:59,554] [INFO] [RipeRadar] [PUBLICACAO 30s] Decisao: banana_fresca | Conf. Camara: 1.000 | Label Camara: banana_fresca | VOCs: 24629.0 Ohms | Nicla: fresca
[2026-05-28 19:38:29,555] [INFO] [RipeRadar] [PUBLICACAO 30s] Decisao: banana_fresca | Conf. Camara: 1.000 | Label Camara: banana_fresca | VOCs: 608799.0 Ohms | Nicla: fresca
[2026-05-28 19:38:59,557] [INFO] [RipeRadar] [PUBLICACAO 30s] Decisao: banana_fresca | Conf. Camara: 1.000 | Label Camara: banana_fresca | VOCs: 63007.0 Ohms | Nicla: fresca
[2026-05-28 19:39:29,558] [INFO] [RipeRadar] [PUBLICACAO 30s] Decisao: banana_fresca | Conf. Camara: 0.960 | Label Camara: banana_fresca | VOCs: 21411.0 Ohms | Nicla: fresca
[2026-05-28 19:39:59,559] [INFO] [RipeRadar] [PUBLICACAO 30s] Decisao: banana_fresca | Conf. Camara: 1.000 | Label Camara: banana_fresca | VOCs: 22030.0 Ohms | Nicla: fresca
[2026-05-28 19:40:08,639] [INFO] [RipeRadar] Encerrando Gateway...
[2026-05-28 19:40:09,298] [INFO] [RipeRadar] ================================================================================
[2026-05-28 19:40:09,298] [INFO] [RipeRadar] Gateway Iniciado - Modo de Publicacao Temporizada (30s)
[2026-05-28 19:40:09,298] [INFO] [RipeRadar] ================================================================================
[2026-05-28 19:40:09,312] [INFO] [RipeRadar] Iniciando conectores BLE em pano de fundo...
[2026-05-28 19:40:09,333] [INFO] [RipeRadar] Scheduler de Publicacao ativado (Intervalo: 30s)
[2026-05-28 19:40:09,744] [INFO] [RipeRadar] Ligado ao HiveMQ Cloud!
[2026-05-28 19:40:39,334] [INFO] [RipeRadar] [PUBLICACAO 30s] Decisao: banana_fresca | Conf. Camara: 1.000 | Label Camara: banana_fresca | VOCs: 23529.0 Ohms | Nicla: fresca
[2026-05-28 19:41:09,335] [INFO] [RipeRadar] [PUBLICACAO 30s] Decisao: banana_fresca | Conf. Camara: 1.000 | Label Camara: banana_fresca | VOCs: 23979.0 Ohms | Nicla: fresca
[2026-05-28 19:41:39,336] [INFO] [RipeRadar] [PUBLICACAO 30s] Decisao: banana_fresca | Conf. Camara: 1.000 | Label Camara: banana_fresca | VOCs: 24488.0 Ohms | Nicla: fresca
[2026-05-28 19:42:00,154] [INFO] [RipeRadar] Encerrando Gateway...
[2026-05-28 19:50:48,636] [INFO] [RipeRadar] ================================================================================
[2026-05-28 19:50:48,636] [INFO] [RipeRadar] Gateway Iniciado - Modo de Publicacao Temporizada (30s)
[2026-05-28 19:50:48,636] [INFO] [RipeRadar] ================================================================================
[2026-05-28 19:50:48,654] [INFO] [RipeRadar] Iniciando conectores BLE em pano de fundo...
[2026-05-28 19:50:48,684] [INFO] [RipeRadar] Scheduler de Publicacao ativado (Intervalo: 30s)
[2026-05-28 19:50:49,010] [INFO] [RipeRadar] Ligado ao HiveMQ Cloud!
[2026-05-28 19:51:10,409] [INFO] [RipeRadar] Encerrando Gateway...
[2026-05-28 19:54:36,393] [INFO] [RipeRadar] ================================================================================
[2026-05-28 19:54:36,394] [INFO] [RipeRadar] Gateway Iniciado - Modo de Publicacao Temporizada (30s)
[2026-05-28 19:54:36,394] [INFO] [RipeRadar] ================================================================================
[2026-05-28 19:54:36,408] [INFO] [RipeRadar] Iniciando conectores BLE em pano de fundo...
[2026-05-28 19:54:36,429] [INFO] [RipeRadar] Scheduler de Publicacao ativado (Intervalo: 30s)
[2026-05-28 19:54:36,958] [INFO] [RipeRadar] Ligado ao HiveMQ Cloud!
[2026-05-28 19:55:06,431] [INFO] [RipeRadar] [PUBLICACAO 30s] Decisao: laranja_fresca | Conf. Camara: 0.990 | Label Camara: laranja_fresca | VOCs: 38988.0 Ohms | Nicla: fresca
[2026-05-28 19:55:36,432] [INFO] [RipeRadar] [PUBLICACAO 30s] Decisao: laranja_fresca | Conf. Camara: 1.000 | Label Camara: laranja_fresca | VOCs: 18626.0 Ohms | Nicla: fresca
[2026-05-28 19:56:06,434] [INFO] [RipeRadar] [PUBLICACAO 30s] Decisao: laranja_fresca | Conf. Camara: 1.000 | Label Camara: laranja_fresca | VOCs: 20605.0 Ohms | Nicla: fresca
[2026-05-28 19:56:36,435] [INFO] [RipeRadar] [PUBLICACAO 30s] Decisao: laranja_fresca | Conf. Camara: 1.000 | Label Camara: laranja_fresca | VOCs: 21895.0 Ohms | Nicla: fresca
[2026-05-28 19:57:06,436] [INFO] [RipeRadar] [PUBLICACAO 30s] Decisao: laranja_fresca | Conf. Camara: 1.000 | Label Camara: laranja_fresca | VOCs: 23529.0 Ohms | Nicla: fresca
[2026-05-28 19:57:36,438] [INFO] [RipeRadar] [PUBLICACAO 30s] Decisao: laranja_fresca | Conf. Camara: 1.000 | Label Camara: laranja_fresca | VOCs: 24390.0 Ohms | Nicla: fresca
[2026-05-28 19:58:06,440] [INFO] [RipeRadar] [PUBLICACAO 30s] Decisao: laranja_fresca | Conf. Camara: 1.000 | Label Camara: laranja_fresca | VOCs: 24990.0 Ohms | Nicla: fresca
[2026-05-28 19:58:36,440] [INFO] [RipeRadar] [PUBLICACAO 30s] Decisao: laranja_fresca | Conf. Camara: 1.000 | Label Camara: laranja_fresca | VOCs: 25620.0 Ohms | Nicla: fresca
[2026-05-28 19:59:06,442] [INFO] [RipeRadar] [PUBLICACAO 30s] Decisao: laranja_fresca | Conf. Camara: 0.980 | Label Camara: laranja_fresca | VOCs: 26170.0 Ohms | Nicla: fresca
[2026-05-28 19:59:36,443] [INFO] [RipeRadar] [PUBLICACAO 30s] Decisao: laranja_fresca | Conf. Camara: 1.000 | Label Camara: laranja_fresca | VOCs: 26512.0 Ohms | Nicla: fresca
[2026-05-28 20:00:06,444] [INFO] [RipeRadar] [PUBLICACAO 30s] Decisao: laranja_fresca | Conf. Camara: 1.000 | Label Camara: laranja_fresca | VOCs: 27049.0 Ohms | Nicla: fresca
[2026-05-28 20:00:36,446] [INFO] [RipeRadar] [PUBLICACAO 30s] Decisao: laranja_fresca | Conf. Camara: 0.360 | Label Camara: laranja_fresca | VOCs: 27414.0 Ohms | Nicla: fresca
[2026-05-28 20:01:06,448] [INFO] [RipeRadar] [PUBLICACAO 30s] Decisao: banana_fresca | Conf. Camara: 0.990 | Label Camara: banana_fresca | VOCs: 27627.0 Ohms | Nicla: fresca
[2026-05-28 20:01:36,451] [INFO] [RipeRadar] [PUBLICACAO 30s] Decisao: banana_fresca | Conf. Camara: 0.950 | Label Camara: banana_fresca | VOCs: 27862.0 Ohms | Nicla: fresca
[2026-05-28 20:02:06,453] [INFO] [RipeRadar] [PUBLICACAO 30s] Decisao: laranja_fresca | Conf. Camara: 0.840 | Label Camara: laranja_fresca | VOCs: 28175.0 Ohms | Nicla: fresca
[2026-05-28 20:02:36,454] [INFO] [RipeRadar] [PUBLICACAO 30s] Decisao: laranja_fresca | Conf. Camara: 0.610 | Label Camara: laranja_fresca | VOCs: 28381.0 Ohms | Nicla: fresca
[2026-05-28 20:03:06,455] [INFO] [RipeRadar] [PUBLICACAO 30s] Decisao: laranja_fresca | Conf. Camara: 0.750 | Label Camara: laranja_fresca | VOCs: 28552.0 Ohms | Nicla: fresca
[2026-05-28 20:03:36,456] [INFO] [RipeRadar] [PUBLICACAO 30s] Decisao: maca_fresca | Conf. Camara: 0.860 | Label Camara: maca_fresca | VOCs: 28764.0 Ohms | Nicla: fresca
[2026-05-28 20:04:06,457] [INFO] [RipeRadar] [PUBLICACAO 30s] Decisao: maca_fresca | Conf. Camara: 0.790 | Label Camara: maca_fresca | VOCs: 29038.0 Ohms | Nicla: fresca
[2026-05-28 20:04:36,459] [INFO] [RipeRadar] [PUBLICACAO 30s] Decisao: maca_fresca | Conf. Camara: 0.840 | Label Camara: maca_fresca | VOCs: 29077.0 Ohms | Nicla: fresca
[2026-05-28 20:05:06,461] [INFO] [RipeRadar] [PUBLICACAO 30s] Decisao: maca_fresca | Conf. Camara: 0.890 | Label Camara: maca_fresca | VOCs: 29177.0 Ohms | Nicla: fresca
[2026-05-28 20:05:36,462] [INFO] [RipeRadar] [PUBLICACAO 30s] Decisao: maca_fresca | Conf. Camara: 0.900 | Label Camara: maca_fresca | VOCs: 29357.0 Ohms | Nicla: fresca
[2026-05-28 20:06:06,463] [INFO] [RipeRadar] [PUBLICACAO 30s] Decisao: maca_fresca | Conf. Camara: 0.580 | Label Camara: maca_fresca | VOCs: 29581.0 Ohms | Nicla: fresca
[2026-05-28 20:06:36,464] [INFO] [RipeRadar] [PUBLICACAO 30s] Decisao: maca_fresca | Conf. Camara: 0.730 | Label Camara: maca_fresca | VOCs: 29602.0 Ohms | Nicla: fresca
[2026-05-28 20:07:06,467] [INFO] [RipeRadar] [PUBLICACAO 30s] Decisao: banana_fresca | Conf. Camara: 0.580 | Label Camara: banana_podre | VOCs: 29663.0 Ohms | Nicla: fresca
[2026-05-28 20:07:36,468] [INFO] [RipeRadar] [PUBLICACAO 30s] Decisao: maca_fresca | Conf. Camara: 0.490 | Label Camara: maca_fresca | VOCs: 29705.0 Ohms | Nicla: fresca
[2026-05-28 20:08:06,471] [INFO] [RipeRadar] [PUBLICACAO 30s] Decisao: maca_fresca | Conf. Camara: 0.650 | Label Camara: maca_fresca | VOCs: 29622.0 Ohms | Nicla: fresca
[2026-05-28 20:08:36,473] [INFO] [RipeRadar] [PUBLICACAO 30s] Decisao: banana_fresca | Conf. Camara: 0.460 | Label Camara: banana_podre | VOCs: 29850.0 Ohms | Nicla: fresca
[2026-05-28 20:09:06,476] [INFO] [RipeRadar] [PUBLICACAO 30s] Decisao: laranja_podre | Conf. Camara: 0.650 | Label Camara: laranja_podre | VOCs: 29871.0 Ohms | Nicla: fresca
[2026-05-28 20:09:36,477] [INFO] [RipeRadar] [PUBLICACAO 30s] Decisao: maca_fresca | Conf. Camara: 0.970 | Label Camara: maca_fresca | VOCs: 29976.0 Ohms | Nicla: fresca
[2026-05-28 20:10:06,478] [INFO] [RipeRadar] [PUBLICACAO 30s] Decisao: maca_fresca | Conf. Camara: 0.620 | Label Camara: maca_fresca | VOCs: 30103.0 Ohms | Nicla: fresca
[2026-05-28 20:10:36,479] [INFO] [RipeRadar] [PUBLICACAO 30s] Decisao: maca_fresca | Conf. Camara: 0.870 | Label Camara: maca_fresca | VOCs: 30188.0 Ohms | Nicla: fresca
[2026-05-28 20:11:06,480] [INFO] [RipeRadar] [PUBLICACAO 30s] Decisao: maca_fresca | Conf. Camara: 0.770 | Label Camara: maca_fresca | VOCs: 30231.0 Ohms | Nicla: fresca
[2026-05-28 20:11:36,482] [INFO] [RipeRadar] [PUBLICACAO 30s] Decisao: maca_fresca | Conf. Camara: 0.700 | Label Camara: maca_fresca | VOCs: 30252.0 Ohms | Nicla: fresca
[2026-05-28 20:12:06,483] [INFO] [RipeRadar] [PUBLICACAO 30s] Decisao: laranja_fresca | Conf. Camara: 0.490 | Label Camara: laranja_podre | VOCs: 30103.0 Ohms | Nicla: fresca
[2026-05-28 20:12:36,485] [INFO] [RipeRadar] [PUBLICACAO 30s] Decisao: maca_fresca | Conf. Camara: 0.570 | Label Camara: maca_fresca | VOCs: 30295.0 Ohms | Nicla: fresca
[2026-05-28 20:13:06,487] [INFO] [RipeRadar] [PUBLICACAO 30s] Decisao: laranja_podre | Conf. Camara: 0.710 | Label Camara: laranja_podre | VOCs: 30231.0 Ohms | Nicla: fresca
[2026-05-28 20:13:36,488] [INFO] [RipeRadar] [PUBLICACAO 30s] Decisao: maca_fresca | Conf. Camara: 0.540 | Label Camara: maca_fresca | VOCs: 30338.0 Ohms | Nicla: fresca
[2026-05-28 20:14:06,489] [INFO] [RipeRadar] [PUBLICACAO 30s] Decisao: maca_fresca | Conf. Camara: 0.760 | Label Camara: maca_fresca | VOCs: 30468.0 Ohms | Nicla: fresca
[2026-05-28 20:14:36,490] [INFO] [RipeRadar] [PUBLICACAO 30s] Decisao: maca_fresca | Conf. Camara: 0.960 | Label Camara: maca_fresca | VOCs: 30468.0 Ohms | Nicla: fresca
[2026-05-28 20:15:06,491] [INFO] [RipeRadar] [PUBLICACAO 30s] Decisao: maca_fresca | Conf. Camara: 0.620 | Label Camara: maca_fresca | VOCs: 30578.0 Ohms | Nicla: fresca
[2026-05-28 20:15:36,493] [INFO] [RipeRadar] [PUBLICACAO 30s] Decisao: maca_fresca | Conf. Camara: 0.950 | Label Camara: maca_fresca | VOCs: 30622.0 Ohms | Nicla: fresca
[2026-05-28 20:15:51,982] [INFO] [RipeRadar] Encerrando Gateway...
